<?xml version="1.0" encoding="UTF-8"?>
<!-- Generated by org.testng.reporters.JUnitReportReporter -->
<testsuite hostname="Yausoob-PC" failures="0" tests="2" name="com.techAhsan.testng.Login" time="10.362" errors="0" timestamp="2023-09-13T16:02:49 PKT" skipped="0">
  <testcase classname="com.techAhsan.testng.Login" name="verifyPageTitleTest" time="3.208"/>
  <testcase classname="com.techAhsan.testng.Login" name="verifyFreeCRMLogoTest" time="7.154"/>
</testsuite> <!-- com.techAhsan.testng.Login -->
