<?xml version="1.0" encoding="UTF-8"?>
<!-- Generated by org.testng.reporters.JUnitReportReporter -->
<testsuite hostname="Yausoob-PC" failures="0" tests="7" name="com.Ahsan1.TestingNG.BasicTestDataDrivenTesting" time="7.242" errors="0" timestamp="2023-09-18T18:10:47 PKT" skipped="0">
  <testcase classname="com.Ahsan1.TestingNG.BasicTestDataDrivenTesting" name="TestLogin" time="0.010"/>
  <testcase classname="com.Ahsan1.TestingNG.BasicTestDataDrivenTesting" name="TestLogin" time="0.002"/>
  <testcase classname="com.Ahsan1.TestingNG.BasicTestDataDrivenTesting" name="TestLogin" time="1.604"/>
  <testcase classname="com.Ahsan1.TestingNG.BasicTestDataDrivenTesting" name="TestLogin" time="1.750"/>
  <testcase classname="com.Ahsan1.TestingNG.BasicTestDataDrivenTesting" name="TestLogin" time="0.002"/>
  <testcase classname="com.Ahsan1.TestingNG.BasicTestDataDrivenTesting" name="TestLogin" time="3.871"/>
  <testcase classname="com.Ahsan1.TestingNG.BasicTestDataDrivenTesting" name="TestLogin" time="0.003"/>
</testsuite> <!-- com.Ahsan1.TestingNG.BasicTestDataDrivenTesting -->
