<?xml version="1.0" encoding="UTF-8"?>
<!-- Generated by org.testng.reporters.JUnitReportReporter -->
<testsuite hostname="Yausoob-PC" failures="0" tests="2" name="com.Ahsan1.TestingNG.OrangeMainPage" time="22.446" errors="0" timestamp="2023-09-14T12:02:03 PKT" skipped="0">
  <testcase classname="com.Ahsan1.TestingNG.OrangeMainPage" name="bookAFreeDemo" time="6.050"/>
  <testcase classname="com.Ahsan1.TestingNG.OrangeMainPage" name="clickOnSales" time="16.396"/>
</testsuite> <!-- com.Ahsan1.TestingNG.OrangeMainPage -->
