<?xml version="1.0" encoding="UTF-8"?>
<!-- Generated by org.testng.reporters.JUnitReportReporter -->
<testsuite hostname="Yausoob-PC" failures="0" tests="2" name="testPackage.HomePageTest" time="0.587" errors="0" timestamp="2023-10-03T14:47:25 PKT" skipped="0">
  <testcase classname="testPackage.HomePageTest" name="checkContactExist" time="0.438"/>
  <testcase classname="testPackage.HomePageTest" name="checkHeaderExist" time="0.149"/>
</testsuite> <!-- testPackage.HomePageTest -->
