<?xml version="1.0" encoding="UTF-8"?>
<!-- Generated by org.testng.reporters.JUnitReportReporter -->
<testsuite hostname="Yausoob-PC" failures="0" tests="2" name="com.Ahsan1.TestingNG.OrangeMainPage" time="22.588" errors="0" timestamp="2023-09-13T18:37:22 PKT" skipped="0">
  <testcase classname="com.Ahsan1.TestingNG.OrangeMainPage" name="bookAFreeDemo" time="6.502"/>
  <testcase classname="com.Ahsan1.TestingNG.OrangeMainPage" name="clickOnSales" time="16.086"/>
</testsuite> <!-- com.Ahsan1.TestingNG.OrangeMainPage -->
