<?xml version="1.0" encoding="UTF-8"?>
<!-- Generated by org.testng.reporters.JUnitReportReporter -->
<testsuite hostname="Yausoob-PC" failures="0" tests="7" name="com.Ahsan1.TestingNG.Login" time="16.106" errors="0" timestamp="2023-09-13T17:44:42 PKT" skipped="1">
  <testcase classname="com.Ahsan1.TestingNG.Login" name="verifyPageTitleTest" time="1.687"/>
  <testcase classname="com.Ahsan1.TestingNG.Login" name="verifyPageTitleTest" time="2.141"/>
  <testcase classname="com.Ahsan1.TestingNG.Login" name="verifyPageTitleTest" time="2.523"/>
  <testcase classname="com.Ahsan1.TestingNG.Login" name="verifyPageTitleTest" time="5.892"/>
  <testcase classname="com.Ahsan1.TestingNG.Login" name="verifyPageTitleTest" time="1.677"/>
  <testcase classname="com.Ahsan1.TestingNG.Login" name="verifyFreeCRMLogoTest" time="2.186"/>
  <testcase classname="com.Ahsan1.TestingNG.Login" name="verifyFree1CRMLogoTest">
    <skipped/>
  </testcase> <!-- verifyFree1CRMLogoTest -->
</testsuite> <!-- com.Ahsan1.TestingNG.Login -->
