<?xml version="1.0" encoding="UTF-8"?>
<!-- Generated by org.testng.reporters.JUnitReportReporter -->
<testsuite hostname="Yausoob-PC" failures="0" tests="2" name="testPackage.HomePageTest" time="0.594" errors="0" timestamp="2023-10-04T12:14:25 PKT" skipped="0">
  <testcase classname="testPackage.HomePageTest" name="checkContactExist" time="0.437"/>
  <testcase classname="testPackage.HomePageTest" name="checkPlaceholderExist" time="0.157"/>
</testsuite> <!-- testPackage.HomePageTest -->
