<?xml version="1.0" encoding="UTF-8"?>
<!-- Generated by org.testng.reporters.JUnitReportReporter -->
<testsuite hostname="Yausoob-PC" failures="0" tests="1" name="testPackage.SignInTest" time="18.005" errors="0" timestamp="2023-10-04T14:44:00 PKT" skipped="0">
  <testcase classname="testPackage.SignInTest" name="signInToEdx" time="18.005"/>
</testsuite> <!-- testPackage.SignInTest -->
